[NX Daemon Server] - 2023-12-07T07:49:33.756Z - Started listening on: /var/folders/wy/htjbjrq93hbc5ncc9rsqwd9r0000gn/T/130797c247a67a3c72cc/d.sock
[NX Daemon Server] - 2023-12-07T07:49:33.766Z - [WATCHER]: Subscribed to changes within: /Users/long.pham3/Desktop/Team2D2/AdvancedTesting (native)
[NX Daemon Server] - 2023-12-07T07:49:33.767Z - Established a connection. Number of open connections: 1
[NX Daemon Server] - 2023-12-07T07:49:33.768Z - Established a connection. Number of open connections: 2
[NX Daemon Server] - 2023-12-07T07:49:33.769Z - Closed a connection. Number of open connections: 1
[NX Daemon Server] - 2023-12-07T07:49:33.775Z - [REQUEST]: Client Request for Project Graph Received
[NX Daemon Server] - 2023-12-07T07:49:34.332Z - [REQUEST]: Updated file-hasher based on watched changes, recomputing project graph...
[NX Daemon Server] - 2023-12-07T07:49:34.332Z - [REQUEST]: 
[NX Daemon Server] - 2023-12-07T07:49:34.332Z - [REQUEST]: 
[NX Daemon Server] - 2023-12-07T07:49:34.920Z - [REQUEST]: Responding to the client. project-graph
[NX Daemon Server] - 2023-12-07T07:49:34.922Z - Time taken for 'total for creating and serializing project graph' 1145.1654579639435ms
[NX Daemon Server] - 2023-12-07T07:49:34.923Z - Done responding to the client project-graph
[NX Daemon Server] - 2023-12-07T07:49:34.923Z - Handled REQUEST_PROJECT_GRAPH. Handling time: 1145. Response time: 3.
[NX Daemon Server] - 2023-12-07T07:49:34.979Z - [REQUEST]: Responding to the client. handleHashTasks
[NX Daemon Server] - 2023-12-07T07:49:34.979Z - Done responding to the client handleHashTasks
[NX Daemon Server] - 2023-12-07T07:49:34.979Z - Handled HASH_TASKS. Handling time: 14. Response time: 0.
[NX Daemon Server] - 2023-12-07T07:49:36.523Z - Established a connection. Number of open connections: 2
[NX Daemon Server] - 2023-12-07T07:49:36.524Z - Established a connection. Number of open connections: 3
[NX Daemon Server] - 2023-12-07T07:49:36.524Z - Closed a connection. Number of open connections: 2
[NX Daemon Server] - 2023-12-07T07:49:36.526Z - [REQUEST]: Client Request for Project Graph Received
[NX Daemon Server] - 2023-12-07T07:49:36.526Z - [REQUEST]: Responding to the client. project-graph
[NX Daemon Server] - 2023-12-07T07:49:36.527Z - Time taken for 'total for creating and serializing project graph' 0.23850011825561523ms
[NX Daemon Server] - 2023-12-07T07:49:36.529Z - Done responding to the client project-graph
[NX Daemon Server] - 2023-12-07T07:49:36.529Z - Handled REQUEST_PROJECT_GRAPH. Handling time: 0. Response time: 3.
[NX Daemon Server] - 2023-12-07T07:49:36.532Z - Closed a connection. Number of open connections: 1
[NX Daemon Server] - 2023-12-07T07:49:36.532Z - Established a connection. Number of open connections: 2
[NX Daemon Server] - 2023-12-07T07:49:36.533Z - Established a connection. Number of open connections: 3
[NX Daemon Server] - 2023-12-07T07:49:36.533Z - Closed a connection. Number of open connections: 2
[NX Daemon Server] - 2023-12-07T07:49:36.534Z - [REQUEST]: Responding to the client. handleRequestFileData
[NX Daemon Server] - 2023-12-07T07:49:36.534Z - Done responding to the client handleRequestFileData
[NX Daemon Server] - 2023-12-07T07:49:36.534Z - Handled REQUEST_FILE_DATA. Handling time: 0. Response time: 0.
[NX Daemon Server] - 2023-12-07T07:49:38.060Z - Established a connection. Number of open connections: 3
[NX Daemon Server] - 2023-12-07T07:49:38.061Z - Closed a connection. Number of open connections: 2
[NX Daemon Server] - 2023-12-07T07:49:38.062Z - Established a connection. Number of open connections: 3
[NX Daemon Server] - 2023-12-07T07:49:38.065Z - [REQUEST]: Client Request for Project Graph Received
[NX Daemon Server] - 2023-12-07T07:49:38.065Z - [REQUEST]: Responding to the client. project-graph
[NX Daemon Server] - 2023-12-07T07:49:38.067Z - Time taken for 'total for creating and serializing project graph' 0.1695420742034912ms
[NX Daemon Server] - 2023-12-07T07:49:38.070Z - Done responding to the client project-graph
[NX Daemon Server] - 2023-12-07T07:49:38.070Z - Handled REQUEST_PROJECT_GRAPH. Handling time: 0. Response time: 5.
[NX Daemon Server] - 2023-12-07T07:49:38.136Z - [REQUEST]: Client Request for Project Graph Received
[NX Daemon Server] - 2023-12-07T07:49:38.136Z - [REQUEST]: Responding to the client. project-graph
[NX Daemon Server] - 2023-12-07T07:49:38.138Z - Time taken for 'total for creating and serializing project graph' 0.15312504768371582ms
[NX Daemon Server] - 2023-12-07T07:49:38.139Z - Done responding to the client project-graph
[NX Daemon Server] - 2023-12-07T07:49:38.139Z - Handled REQUEST_PROJECT_GRAPH. Handling time: 0. Response time: 3.
[NX Daemon Server] - 2023-12-07T07:49:38.148Z - [REQUEST]: Client Request for Project Graph Received
[NX Daemon Server] - 2023-12-07T07:49:38.148Z - [REQUEST]: Responding to the client. project-graph
[NX Daemon Server] - 2023-12-07T07:49:38.149Z - Time taken for 'total for creating and serializing project graph' 0.11304092407226562ms
[NX Daemon Server] - 2023-12-07T07:49:38.151Z - Done responding to the client project-graph
[NX Daemon Server] - 2023-12-07T07:49:38.151Z - Handled REQUEST_PROJECT_GRAPH. Handling time: 0. Response time: 3.
[NX Daemon Server] - 2023-12-07T07:49:38.186Z - [REQUEST]: Responding to the client. handleRequestFileData
[NX Daemon Server] - 2023-12-07T07:49:38.186Z - Done responding to the client handleRequestFileData
[NX Daemon Server] - 2023-12-07T07:49:38.186Z - Handled REQUEST_FILE_DATA. Handling time: 1. Response time: 0.
[NX Daemon Server] - 2023-12-07T07:49:38.218Z - Closed a connection. Number of open connections: 2
[NX Daemon Server] - 2023-12-07T07:49:52.888Z - [WATCHER]: Processing file changes in outputs
[NX Daemon Server] - 2023-12-07T07:49:57.535Z - [WATCHER]: apps/fromZero-e2e/project.json was modified
[NX Daemon Server] - 2023-12-07T07:49:57.535Z - [WATCHER]: Processing file changes in outputs
[NX Daemon Server] - 2023-12-07T07:49:57.655Z - [REQUEST]: Updated file-hasher based on watched changes, recomputing project graph...
[NX Daemon Server] - 2023-12-07T07:49:57.655Z - [REQUEST]: apps/fromZero-e2e/project.json
[NX Daemon Server] - 2023-12-07T07:49:57.655Z - [REQUEST]: 
[NX Daemon Server] - 2023-12-07T07:49:57.762Z - Time taken for 'hash changed files from watcher' 1.260457992553711ms
[NX Daemon Server] - 2023-12-07T07:49:57.994Z - [REQUEST]: Client Request for Project Graph Received
[NX Daemon Server] - 2023-12-07T07:49:57.994Z - [REQUEST]: Responding to the client. project-graph
[NX Daemon Server] - 2023-12-07T07:49:57.996Z - Time taken for 'total for creating and serializing project graph' 0.3905000686645508ms
[NX Daemon Server] - 2023-12-07T07:49:57.997Z - Done responding to the client project-graph
[NX Daemon Server] - 2023-12-07T07:49:57.997Z - Handled REQUEST_PROJECT_GRAPH. Handling time: 0. Response time: 3.
[NX Daemon Server] - 2023-12-07T07:49:58.001Z - Closed a connection. Number of open connections: 1
[NX Daemon Server] - 2023-12-07T07:49:58.001Z - Established a connection. Number of open connections: 2
[NX Daemon Server] - 2023-12-07T07:49:58.001Z - Established a connection. Number of open connections: 3
[NX Daemon Server] - 2023-12-07T07:49:58.002Z - Closed a connection. Number of open connections: 2
[NX Daemon Server] - 2023-12-07T07:49:58.006Z - [REQUEST]: Responding to the client. handleRequestFileData
[NX Daemon Server] - 2023-12-07T07:49:58.006Z - Done responding to the client handleRequestFileData
[NX Daemon Server] - 2023-12-07T07:49:58.006Z - Handled REQUEST_FILE_DATA. Handling time: 1. Response time: 0.
[NX Daemon Server] - 2023-12-07T07:49:59.173Z - Established a connection. Number of open connections: 3
[NX Daemon Server] - 2023-12-07T07:49:59.174Z - Closed a connection. Number of open connections: 2
[NX Daemon Server] - 2023-12-07T07:49:59.174Z - Established a connection. Number of open connections: 3
[NX Daemon Server] - 2023-12-07T07:49:59.178Z - [REQUEST]: Client Request for Project Graph Received
[NX Daemon Server] - 2023-12-07T07:49:59.178Z - [REQUEST]: Responding to the client. project-graph
[NX Daemon Server] - 2023-12-07T07:49:59.179Z - Time taken for 'total for creating and serializing project graph' 0.2843339443206787ms
[NX Daemon Server] - 2023-12-07T07:49:59.181Z - Done responding to the client project-graph
[NX Daemon Server] - 2023-12-07T07:49:59.181Z - Handled REQUEST_PROJECT_GRAPH. Handling time: 0. Response time: 3.
[NX Daemon Server] - 2023-12-07T07:49:59.239Z - [REQUEST]: Client Request for Project Graph Received
[NX Daemon Server] - 2023-12-07T07:49:59.239Z - [REQUEST]: Responding to the client. project-graph
[NX Daemon Server] - 2023-12-07T07:49:59.241Z - Time taken for 'total for creating and serializing project graph' 0.09670901298522949ms
[NX Daemon Server] - 2023-12-07T07:49:59.241Z - Done responding to the client project-graph
[NX Daemon Server] - 2023-12-07T07:49:59.241Z - Handled REQUEST_PROJECT_GRAPH. Handling time: 0. Response time: 2.
[NX Daemon Server] - 2023-12-07T07:49:59.246Z - [REQUEST]: Client Request for Project Graph Received
[NX Daemon Server] - 2023-12-07T07:49:59.246Z - [REQUEST]: Responding to the client. project-graph
[NX Daemon Server] - 2023-12-07T07:49:59.247Z - Time taken for 'total for creating and serializing project graph' 0.07587504386901855ms
[NX Daemon Server] - 2023-12-07T07:49:59.248Z - Done responding to the client project-graph
[NX Daemon Server] - 2023-12-07T07:49:59.248Z - Handled REQUEST_PROJECT_GRAPH. Handling time: 0. Response time: 2.
[NX Daemon Server] - 2023-12-07T07:49:59.277Z - [REQUEST]: Responding to the client. handleRequestFileData
[NX Daemon Server] - 2023-12-07T07:49:59.277Z - Done responding to the client handleRequestFileData
[NX Daemon Server] - 2023-12-07T07:49:59.278Z - Handled REQUEST_FILE_DATA. Handling time: 0. Response time: 1.
[NX Daemon Server] - 2023-12-07T07:49:59.310Z - Closed a connection. Number of open connections: 2
[NX Daemon Server] - 2023-12-07T07:50:19.177Z - [WATCHER]: Processing file changes in outputs
[NX Daemon Server] - 2023-12-07T07:50:19.185Z - [WATCHER]: .gitignore was modified
[NX Daemon Server] - 2023-12-07T07:50:19.185Z - [WATCHER]: Stopping the watcher for /Users/long.pham3/Desktop/Team2D2/AdvancedTesting (sources)
[NX Daemon Server] - 2023-12-07T07:50:19.185Z - [WATCHER]: Stopping the watcher for /Users/long.pham3/Desktop/Team2D2/AdvancedTesting (outputs)
[NX Daemon Server] - 2023-12-07T07:50:19.185Z - Server stopped because: "Stopping the daemon the set of ignored files changed (native)"
